<?xml version="1.0" encoding="UTF-8"?>
<testsuite name="org.example.logic.JavaSortTest" tests="1" skipped="0" failures="0" errors="0" timestamp="2023-02-07T06:49:48" hostname="DESKTOP-O6A1KHT" time="0.002">
  <properties/>
  <testcase name="자바소트" classname="org.example.logic.JavaSortTest" time="0.002"/>
  <system-out><![CDATA[]]></system-out>
  <system-err><![CDATA[]]></system-err>
</testsuite>
